2025-03-13 16:47:06,579 [INFO] Activator:176 - 


2025-03-13 16:47:06,580 [INFO] Activator:177 - !SESSION log4j initialized
2025-03-13 16:47:10,277 [INFO] LogOutputStream:77 - [STDOUT_REDIRECT] 
2025-03-13 16:47:17,200 [INFO] ApplicationProperties:184 - Using Application install path: C:\ST\STM32CubeIDE_1.6.0\STM32CubeIDE\plugins\com.st.stm32cube.common.mx_6.13.0.202411220809
2025-03-13 16:47:17,218 [INFO] DbMcusXml:78 - Set database path to: C:\ST\STM32CubeIDE_1.6.0\STM32CubeIDE\plugins\com.st.stm32cube.common.mx_6.13.0.202411220809\\db\/mcu/
2025-03-13 16:47:17,219 [INFO] ApiDb:274 - Set plugin database path to: C:\ST\STM32CubeIDE_1.6.0\STM32CubeIDE\plugins\com.st.stm32cube.common.mx_6.13.0.202411220809\\db\/plugins/boardmanager/
2025-03-13 16:47:17,219 [WARN] ApiDb:259 - Overriding images path with different value:  => C:\ST\STM32CubeIDE_1.6.0\STM32CubeIDE\plugins\com.st.stm32cube.common.mx_6.13.0.202411220809\\db\/plugins/mcufinder/images/
2025-03-13 16:47:17,237 [INFO] ApiDb:250 - Set database path to: C:\Users\pietr\.stmcufinder\plugins\mcufinder//mcu/
2025-03-13 16:47:17,239 [INFO] DbMcusAds:125 - Set database path to: C:\Users\pietr\.stmcufinder\plugins\mcufinder//mcu/
2025-03-13 16:47:17,241 [INFO] CrossReferenceDbSqlite:203 - Set database path to: C:\Users\pietr\.stmcufinder\plugins\mcufinder//mcu/cs/
2025-03-13 16:47:17,345 [INFO] RulesReader:64 - Compatibility file has been processed (297 Rules)
2025-03-13 16:47:17,417 [INFO] DbMcusXml:78 - Set database path to: C:\ST\STM32CubeIDE_1.6.0\STM32CubeIDE\plugins\com.st.stm32cube.common.mx_6.13.0.202411220809\\db\/mcu/
2025-03-13 16:47:17,417 [INFO] ApiDb:274 - Set plugin database path to: C:\ST\STM32CubeIDE_1.6.0\STM32CubeIDE\plugins\com.st.stm32cube.common.mx_6.13.0.202411220809\\db\/plugins/boardmanager/
2025-03-13 16:47:17,417 [INFO] ApiDb:261 - Set plugin images path to: C:\ST\STM32CubeIDE_1.6.0\STM32CubeIDE\plugins\com.st.stm32cube.common.mx_6.13.0.202411220809\\db\/plugins/mcufinder/images/
2025-03-13 16:47:17,417 [WARN] DbFile:41 - Overriding database path with different value: C:\Users\pietr\.stmcufinder\plugins\mcufinder/ => C:\Users\pietr\.stmcufinder\plugins\mcufinder
2025-03-13 16:47:17,417 [INFO] ApiDb:250 - Set database path to: C:\Users\pietr\.stmcufinder\plugins\mcufinder//mcu/
2025-03-13 16:47:17,417 [WARN] DbFile:41 - Overriding database path with different value: C:\Users\pietr\.stmcufinder\plugins\mcufinder/ => C:\Users\pietr\.stmcufinder\plugins\mcufinder
2025-03-13 16:47:17,417 [INFO] DbMcusAds:125 - Set database path to: C:\Users\pietr\.stmcufinder\plugins\mcufinder//mcu/
2025-03-13 16:47:17,417 [WARN] DbFile:41 - Overriding database path with different value: C:\Users\pietr\.stmcufinder\plugins\mcufinder/ => C:\Users\pietr\.stmcufinder\plugins\mcufinder
2025-03-13 16:47:17,418 [WARN] DbFile:41 - Overriding database path with different value: C:\Users\pietr\.stmcufinder\plugins\mcufinder/ => C:\Users\pietr\.stmcufinder\plugins\mcufinder
2025-03-13 16:47:17,418 [INFO] CrossReferenceDbSqlite:203 - Set database path to: C:\Users\pietr\.stmcufinder\plugins\mcufinder//mcu/cs/
2025-03-13 16:47:17,490 [INFO] MainPanel:272 - HeapMemory: 268435456
2025-03-13 16:47:17,580 [INFO] DbMcusXml:78 - Set database path to: C:\ST\STM32CubeIDE_1.6.0\STM32CubeIDE\plugins\com.st.stm32cube.common.mx_6.13.0.202411220809\\db\/mcu/
2025-03-13 16:47:17,580 [INFO] ApiDb:274 - Set plugin database path to: C:\ST\STM32CubeIDE_1.6.0\STM32CubeIDE\plugins\com.st.stm32cube.common.mx_6.13.0.202411220809\\db\/plugins/boardmanager/
2025-03-13 16:47:17,580 [INFO] ApiDb:261 - Set plugin images path to: C:\ST\STM32CubeIDE_1.6.0\STM32CubeIDE\plugins\com.st.stm32cube.common.mx_6.13.0.202411220809\\db\/plugins/mcufinder/images/
2025-03-13 16:47:17,581 [WARN] DbFile:41 - Overriding database path with different value: C:\Users\pietr\.stmcufinder\plugins\mcufinder/ => C:\Users\pietr\.stmcufinder\plugins\mcufinder
2025-03-13 16:47:17,581 [INFO] ApiDb:250 - Set database path to: C:\Users\pietr\.stmcufinder\plugins\mcufinder//mcu/
2025-03-13 16:47:17,581 [WARN] DbFile:41 - Overriding database path with different value: C:\Users\pietr\.stmcufinder\plugins\mcufinder/ => C:\Users\pietr\.stmcufinder\plugins\mcufinder
2025-03-13 16:47:17,581 [INFO] DbMcusAds:125 - Set database path to: C:\Users\pietr\.stmcufinder\plugins\mcufinder//mcu/
2025-03-13 16:47:17,581 [WARN] DbFile:41 - Overriding database path with different value: C:\Users\pietr\.stmcufinder\plugins\mcufinder/ => C:\Users\pietr\.stmcufinder\plugins\mcufinder
2025-03-13 16:47:17,581 [WARN] DbFile:41 - Overriding database path with different value: C:\Users\pietr\.stmcufinder\plugins\mcufinder/ => C:\Users\pietr\.stmcufinder\plugins\mcufinder
2025-03-13 16:47:17,581 [INFO] CrossReferenceDbSqlite:203 - Set database path to: C:\Users\pietr\.stmcufinder\plugins\mcufinder//mcu/cs/
2025-03-13 16:47:17,596 [INFO] ApplicationProperties:184 - Using Application install path: C:\ST\STM32CubeIDE_1.6.0\STM32CubeIDE\plugins\com.st.stm32cube.common.mx_6.13.0.202411220809
2025-03-13 16:47:17,597 [INFO] PluginManage:196 - Search for loadable plugins [exclusion list=, ]
2025-03-13 16:47:17,598 [INFO] PluginManage:310 - Check plugin analytics
2025-03-13 16:47:22,723 [INFO] AnalyticsPlugin:253 - Accepted Software Licenses: STM32CubeMX.6.3.0,STM32CubeMX.6.9.0,STM32CubeMX.6.9.1,STM32CubeMX.6.10.0,STM32CubeMX.6.11.0,STM32CubeMX.6.12.0,STM32CubeMX.6.13.0
2025-03-13 16:47:22,724 [INFO] AnalyticsPlugin:255 - Accepted CMSIS Pack Licenses: STMicroelectronics.X-CUBE-TOUCHGFX.4.23.0,STMicroelectronics.X-CUBE-TOUCHGFX.4.24.0,STMicroelectronics.X-CUBE-TOUCHGFX.4.24.1
2025-03-13 16:47:22,724 [INFO] AnalyticsPlugin:257 - Accepted Firmware Licenses: FW.F4.1.27.0,FW.L4.1.18.0,FW.F4.1.28.0
2025-03-13 16:47:22,747 [INFO] PluginManage:359 - Loaded plugin analytics (category:tool,tabindex:-1)
2025-03-13 16:47:22,747 [INFO] PluginManage:310 - Check plugin cadmodel
2025-03-13 16:47:22,775 [INFO] CADModel:105 - Init CAD model plugin
2025-03-13 16:47:22,775 [INFO] PluginManage:359 - Loaded plugin cadmodel (category:power,tabindex:5)
2025-03-13 16:47:22,776 [INFO] PluginManage:310 - Check plugin clock
2025-03-13 16:47:22,805 [INFO] PluginManage:359 - Loaded plugin clock (category:base,tabindex:2)
2025-03-13 16:47:22,805 [INFO] PluginManage:310 - Check plugin ddr
2025-03-13 16:47:22,808 [INFO] PluginManage:359 - Loaded plugin ddr (category:tool,tabindex:6)
2025-03-13 16:47:22,808 [INFO] PluginManage:310 - Check plugin filemanager
2025-03-13 16:47:23,028 [INFO] PluginManage:359 - Loaded plugin filemanager (category:base,tabindex:10)
2025-03-13 16:47:23,029 [INFO] PluginManage:310 - Check plugin ipmanager
2025-03-13 16:47:23,037 [INFO] PluginManage:359 - Loaded plugin ipmanager (category:base,tabindex:5)
2025-03-13 16:47:23,037 [INFO] PluginManage:310 - Check plugin lpbam
2025-03-13 16:47:23,056 [INFO] PluginManage:359 - Loaded plugin lpbam (category:base,tabindex:0)
2025-03-13 16:47:23,057 [INFO] PluginManage:310 - Check plugin memorymap
2025-03-13 16:47:23,081 [INFO] PluginManage:359 - Loaded plugin memorymap (category:base,tabindex:4)
2025-03-13 16:47:23,082 [INFO] PluginManage:310 - Check plugin pinoutandconfiguration
2025-03-13 16:47:23,104 [INFO] PluginManage:359 - Loaded plugin pinoutandconfiguration (category:base,tabindex:1)
2025-03-13 16:47:23,104 [INFO] PluginManage:310 - Check plugin pinoutconfig
2025-03-13 16:47:23,211 [WARN] SupportedApi:132 - Cannot load RTOS API schema: s4s-elt-must-match.1: The content of 'definitions' must match (annotation?, (simpleType | complexType)?, (unique | key | keyref)*)). A problem was found starting at: attribute.
2025-03-13 16:47:23,317 [INFO] PluginManage:359 - Loaded plugin pinoutconfig (category:base,tabindex:0)
2025-03-13 16:47:23,317 [INFO] PluginManage:310 - Check plugin power
2025-03-13 16:47:23,342 [INFO] PluginManage:359 - Loaded plugin power (category:power,tabindex:4)
2025-03-13 16:47:23,342 [INFO] PluginManage:310 - Check plugin projectmanager
2025-03-13 16:47:23,356 [INFO] PluginManage:359 - Loaded plugin projectmanager (category:projectmanager,tabindex:4)
2025-03-13 16:47:23,356 [INFO] PluginManage:310 - Check plugin rif
2025-03-13 16:47:23,378 [INFO] PluginManage:359 - Loaded plugin rif (category:base,tabindex:3)
2025-03-13 16:47:23,378 [INFO] PluginManage:310 - Check plugin thirdparty
2025-03-13 16:47:23,578 [INFO] PluginManage:359 - Loaded plugin thirdparty (category:base,tabindex:-1)
2025-03-13 16:47:23,578 [INFO] PluginManage:310 - Check plugin tools
2025-03-13 16:47:23,578 [WARN] IntegrityCheckThread:84 - waiting for thirdparty lock release [integrity check]
2025-03-13 16:47:23,579 [INFO] IntegrityCheckThread:86 - entering critical section [integrity check]
2025-03-13 16:47:23,579 [INFO] ThirdPartyUpdaterWithRetryManager:70 - Updater plugin not ready yet. [1/15]
2025-03-13 16:47:23,616 [INFO] PluginManage:359 - Loaded plugin tools (category:base,tabindex:7)
2025-03-13 16:47:23,617 [INFO] PluginManage:310 - Check plugin tutovideos
2025-03-13 16:47:23,753 [INFO] PluginManage:359 - Loaded plugin tutovideos (category:base,tabindex:-1)
2025-03-13 16:47:23,753 [INFO] PluginManage:310 - Check plugin updater
2025-03-13 16:47:23,778 [INFO] PluginManage:359 - Loaded plugin updater (category:base,tabindex:12)
2025-03-13 16:47:23,778 [INFO] PluginManage:310 - Check plugin userauth
2025-03-13 16:47:23,784 [INFO] UserAuth:118 - Init User Auth plugin
2025-03-13 16:47:23,785 [INFO] PluginManage:359 - Loaded plugin userauth (category:base,tabindex:14)
2025-03-13 16:47:23,786 [INFO] PluginManage:283 - PluginManage : Loaded plugins [18]
2025-03-13 16:47:23,994 [INFO] PinOutPanel:1589 - setPackage(No Configuration,No Configuration)
2025-03-13 16:47:24,056 [INFO] CADModel:165 - CPN selected for project level
2025-03-13 16:47:24,057 [INFO] CADModel:114 - Register for checkConnection events
2025-03-13 16:47:24,081 [INFO] IPUIPlugin:80 - create IPUIPlugin
2025-03-13 16:47:24,081 [INFO] PluginManager:220 - loadIPPluginJar : add adc
2025-03-13 16:47:24,117 [INFO] IPUIPlugin:80 - create IPUIPlugin
2025-03-13 16:47:24,117 [INFO] PluginManager:220 - loadIPPluginJar : add aes
2025-03-13 16:47:24,155 [INFO] IPUIPlugin:80 - create IPUIPlugin
2025-03-13 16:47:24,155 [INFO] PluginManager:220 - loadIPPluginJar : add can
2025-03-13 16:47:24,180 [INFO] IPUIPlugin:80 - create IPUIPlugin
2025-03-13 16:47:24,180 [INFO] PluginManager:220 - loadIPPluginJar : add comp
2025-03-13 16:47:24,216 [INFO] IPUIPlugin:80 - create IPUIPlugin
2025-03-13 16:47:24,216 [INFO] PluginManager:220 - loadIPPluginJar : add cryp
2025-03-13 16:47:24,229 [INFO] IPUIPlugin:80 - create IPUIPlugin
2025-03-13 16:47:24,229 [INFO] PluginManager:220 - loadIPPluginJar : add ddr_ctrl_phy
2025-03-13 16:47:24,232 [INFO] IPUIPlugin:80 - create IPUIPlugin
2025-03-13 16:47:24,232 [INFO] PluginManager:220 - loadIPPluginJar : add dfsdm
2025-03-13 16:47:24,245 [INFO] IPUIPlugin:80 - create IPUIPlugin
2025-03-13 16:47:24,245 [INFO] PluginManager:220 - loadIPPluginJar : add dma
2025-03-13 16:47:24,283 [INFO] IPUIPlugin:80 - create IPUIPlugin
2025-03-13 16:47:24,283 [INFO] PluginManager:220 - loadIPPluginJar : add dma3
2025-03-13 16:47:24,323 [INFO] IPUIPlugin:80 - create IPUIPlugin
2025-03-13 16:47:24,323 [INFO] PluginManager:220 - loadIPPluginJar : add extmemmanager
2025-03-13 16:47:24,325 [INFO] IPUIPlugin:80 - create IPUIPlugin
2025-03-13 16:47:24,325 [INFO] PluginManager:220 - loadIPPluginJar : add fatfs
2025-03-13 16:47:24,371 [INFO] IPUIPlugin:80 - create IPUIPlugin
2025-03-13 16:47:24,371 [INFO] PluginManager:220 - loadIPPluginJar : add fmc
2025-03-13 16:47:24,387 [INFO] IPUIPlugin:80 - create IPUIPlugin
2025-03-13 16:47:24,387 [INFO] PluginManager:220 - loadIPPluginJar : add freertos
2025-03-13 16:47:24,389 [INFO] IPUIPlugin:80 - create IPUIPlugin
2025-03-13 16:47:24,389 [INFO] PluginManager:220 - loadIPPluginJar : add genericplugin
2025-03-13 16:47:24,473 [INFO] IPUIPlugin:80 - create IPUIPlugin
2025-03-13 16:47:24,474 [INFO] PluginManager:220 - loadIPPluginJar : add gfxmmu
2025-03-13 16:47:24,582 [INFO] IPUIPlugin:80 - create IPUIPlugin
2025-03-13 16:47:24,583 [INFO] PluginManager:220 - loadIPPluginJar : add gic
2025-03-13 16:47:24,597 [INFO] IPUIPlugin:80 - create IPUIPlugin
2025-03-13 16:47:24,598 [INFO] PluginManager:220 - loadIPPluginJar : add gpio
2025-03-13 16:47:24,680 [INFO] IPUIPlugin:80 - create IPUIPlugin
2025-03-13 16:47:24,680 [INFO] PluginManager:220 - loadIPPluginJar : add gtzc
2025-03-13 16:47:24,683 [INFO] IPUIPlugin:80 - create IPUIPlugin
2025-03-13 16:47:24,683 [INFO] PluginManager:220 - loadIPPluginJar : add hash
2025-03-13 16:47:24,734 [INFO] IPUIPlugin:80 - create IPUIPlugin
2025-03-13 16:47:24,734 [INFO] PluginManager:220 - loadIPPluginJar : add i2c
2025-03-13 16:47:24,778 [INFO] IPUIPlugin:80 - create IPUIPlugin
2025-03-13 16:47:24,779 [INFO] PluginManager:220 - loadIPPluginJar : add i2s
2025-03-13 16:47:24,819 [INFO] IPUIPlugin:80 - create IPUIPlugin
2025-03-13 16:47:24,819 [INFO] PluginManager:220 - loadIPPluginJar : add i3c
2025-03-13 16:47:24,905 [INFO] IPUIPlugin:80 - create IPUIPlugin
2025-03-13 16:47:24,905 [INFO] PluginManager:220 - loadIPPluginJar : add ipddr
2025-03-13 16:47:24,990 [INFO] IPUIPlugin:80 - create IPUIPlugin
2025-03-13 16:47:24,990 [INFO] PluginManager:220 - loadIPPluginJar : add linkedlist
2025-03-13 16:47:24,993 [INFO] IPUIPlugin:80 - create IPUIPlugin
2025-03-13 16:47:24,993 [INFO] PluginManager:220 - loadIPPluginJar : add lorawan
2025-03-13 16:47:25,038 [INFO] IPUIPlugin:80 - create IPUIPlugin
2025-03-13 16:47:25,038 [INFO] PluginManager:220 - loadIPPluginJar : add ltdc
2025-03-13 16:47:25,053 [INFO] IPUIPlugin:80 - create IPUIPlugin
2025-03-13 16:47:25,053 [INFO] PluginManager:220 - loadIPPluginJar : add mdma
2025-03-13 16:47:25,067 [INFO] IPUIPlugin:80 - create IPUIPlugin
2025-03-13 16:47:25,067 [INFO] PluginManager:220 - loadIPPluginJar : add nvic
2025-03-13 16:47:25,103 [INFO] IPUIPlugin:80 - create IPUIPlugin
2025-03-13 16:47:25,103 [INFO] PluginManager:220 - loadIPPluginJar : add opamp
2025-03-13 16:47:25,163 [INFO] IPUIPlugin:80 - create IPUIPlugin
2025-03-13 16:47:25,163 [INFO] PluginManager:220 - loadIPPluginJar : add openamp
2025-03-13 16:47:25,205 [INFO] IPUIPlugin:80 - create IPUIPlugin
2025-03-13 16:47:25,206 [INFO] PluginManager:220 - loadIPPluginJar : add pdm2pcm
2025-03-13 16:47:25,220 [INFO] IPUIPlugin:80 - create IPUIPlugin
2025-03-13 16:47:25,222 [INFO] PluginManager:220 - loadIPPluginJar : add plateformsettings
2025-03-13 16:47:25,245 [INFO] IPUIPlugin:80 - create IPUIPlugin
2025-03-13 16:47:25,246 [INFO] PluginManager:220 - loadIPPluginJar : add quadspi
2025-03-13 16:47:25,277 [INFO] IPUIPlugin:80 - create IPUIPlugin
2025-03-13 16:47:25,277 [INFO] PluginManager:220 - loadIPPluginJar : add radio
2025-03-13 16:47:25,291 [INFO] IPUIPlugin:80 - create IPUIPlugin
2025-03-13 16:47:25,291 [INFO] PluginManager:220 - loadIPPluginJar : add resmgrutility
2025-03-13 16:47:25,336 [INFO] IPUIPlugin:80 - create IPUIPlugin
2025-03-13 16:47:25,336 [INFO] PluginManager:220 - loadIPPluginJar : add sai
2025-03-13 16:47:25,373 [INFO] IPUIPlugin:80 - create IPUIPlugin
2025-03-13 16:47:25,374 [INFO] PluginManager:220 - loadIPPluginJar : add spi
2025-03-13 16:47:25,439 [INFO] IPUIPlugin:80 - create IPUIPlugin
2025-03-13 16:47:25,439 [INFO] PluginManager:220 - loadIPPluginJar : add stm32_wpan
2025-03-13 16:47:25,442 [INFO] IPUIPlugin:80 - create IPUIPlugin
2025-03-13 16:47:25,442 [INFO] PluginManager:220 - loadIPPluginJar : add tim
2025-03-13 16:47:25,502 [INFO] IPUIPlugin:80 - create IPUIPlugin
2025-03-13 16:47:25,502 [INFO] PluginManager:220 - loadIPPluginJar : add touchsensing
2025-03-13 16:47:25,506 [INFO] IPUIPlugin:80 - create IPUIPlugin
2025-03-13 16:47:25,506 [INFO] PluginManager:220 - loadIPPluginJar : add tracer_emb
2025-03-13 16:47:25,509 [INFO] IPUIPlugin:80 - create IPUIPlugin
2025-03-13 16:47:25,509 [INFO] PluginManager:220 - loadIPPluginJar : add ts
2025-03-13 16:47:25,512 [INFO] IPUIPlugin:80 - create IPUIPlugin
2025-03-13 16:47:25,512 [INFO] PluginManager:220 - loadIPPluginJar : add tsc
2025-03-13 16:47:25,514 [INFO] IPUIPlugin:80 - create IPUIPlugin
2025-03-13 16:47:25,514 [INFO] PluginManager:220 - loadIPPluginJar : add ucpd
2025-03-13 16:47:25,554 [INFO] IPUIPlugin:80 - create IPUIPlugin
2025-03-13 16:47:25,554 [INFO] PluginManager:220 - loadIPPluginJar : add usart
2025-03-13 16:47:25,594 [INFO] IPUIPlugin:80 - create IPUIPlugin
2025-03-13 16:47:25,594 [INFO] PluginManager:220 - loadIPPluginJar : add usbx
2025-03-13 16:47:25,707 [FATAL] Updater:351 - Updater called before beeing initialized
2025-03-13 16:47:25,730 [INFO] RulesReader:64 - Compatibility file has been processed (297 Rules)
2025-03-13 16:47:25,739 [INFO] RulesReader:64 - Compatibility file has been processed (297 Rules)
2025-03-13 16:47:25,748 [INFO] CADModel:165 - CPN selected for project level
2025-03-13 16:47:25,748 [INFO] CADModel:114 - Register for checkConnection events
2025-03-13 16:47:25,748 [FATAL] Updater:351 - Updater called before beeing initialized
2025-03-13 16:47:25,748 [ERROR] CADModel:125 - Updater not yet initialized, retry later 
2025-03-13 16:47:25,889 [FATAL] Updater:351 - Updater called before beeing initialized
2025-03-13 16:47:25,891 [INFO] CADModel:165 - CPN selected for project level
2025-03-13 16:47:25,891 [INFO] CADModel:114 - Register for checkConnection events
2025-03-13 16:47:25,891 [FATAL] Updater:351 - Updater called before beeing initialized
2025-03-13 16:47:25,891 [ERROR] CADModel:125 - Updater not yet initialized, retry later 
2025-03-13 16:47:25,893 [FATAL] Updater:351 - Updater called before beeing initialized
2025-03-13 16:47:25,991 [FATAL] Updater:351 - Updater called before beeing initialized
2025-03-13 16:47:25,994 [INFO] DbMcusAds:53 - JSON generation date=Thu Mar 06 15:54:21 CET 2025 (1741272861825)
2025-03-13 16:47:25,994 [FATAL] Updater:351 - Updater called before beeing initialized
2025-03-13 16:47:26,022 [WARN] DetailPanel:346 - Failed to get advertising image, set to default
2025-03-13 16:47:26,175 [FATAL] Updater:351 - Updater called before beeing initialized
2025-03-13 16:47:26,177 [FATAL] Updater:351 - Updater called before beeing initialized
2025-03-13 16:47:26,177 [FATAL] Updater:351 - Updater called before beeing initialized
2025-03-13 16:47:26,177 [WARN] DetailPanel:346 - Failed to get advertising image, set to default
2025-03-13 16:47:26,177 [FATAL] Updater:351 - Updater called before beeing initialized
2025-03-13 16:47:26,230 [ERROR] Updater:1198 - MainUpdater not yet initialized. External WinMGr cannot be set.
2025-03-13 16:47:26,233 [INFO] Updater:1134 - Updater Version found : 6.13.0
2025-03-13 16:47:26,248 [INFO] ApplicationProperties:184 - Using Application install path: C:\ST\STM32CubeIDE_1.6.0\STM32CubeIDE\plugins\com.st.stm32cube.common.mx_6.13.0.202411220809
2025-03-13 16:47:26,579 [INFO] ThirdPartyUpdaterWithRetryManager:70 - Updater plugin not ready yet. [2/15]
2025-03-13 16:47:26,584 [INFO] MainUpdater:2872 - connection check result : 10
2025-03-13 16:47:26,585 [INFO] MainUpdater:289 - Updater Check For Update Now.
2025-03-13 16:47:26,585 [INFO] MicroXplorer:498 - Change Database Version : DB.6.0.130
2025-03-13 16:47:26,601 [INFO] McuFinderGlobals:63 - Set McuFinder mode to 2 (CubeIDE integrated)
2025-03-13 16:47:26,602 [INFO] UserAuth:486 - Internet connection configuration mode: 1
2025-03-13 16:47:26,634 [INFO] JxBrowserEngine:152 - Initiate JxBrowser Engine with user profile folder
2025-03-13 16:47:26,752 [INFO] CheckServerUpdateThread:120 - End of CheckServer Thread
2025-03-13 16:47:27,900 [INFO] WebApp:168 - Instantiating new browser for Auth
2025-03-13 16:47:28,860 [INFO] WebApp:449 - Apply proxy settings
2025-03-13 16:47:28,860 [INFO] WebApp:534 - Chromium requires no authentication
2025-03-13 16:47:28,877 [INFO] WebApp:477 - Direct internet connection detected
2025-03-13 16:47:28,926 [INFO] WebApp:880 - Register for checkConnection events
2025-03-13 16:47:28,926 [INFO] WebApp:449 - Apply proxy settings
2025-03-13 16:47:28,926 [INFO] WebApp:534 - Chromium requires no authentication
2025-03-13 16:47:28,927 [INFO] WebApp:477 - Direct internet connection detected
2025-03-13 16:47:29,136 [INFO] WebApp:187 - Connection restablished
2025-03-13 16:47:29,323 [INFO] WebApp:221 - Starting web application
2025-03-13 16:47:29,323 [INFO] WebApp:579 - Web application path used C:\ST\STM32CubeIDE_1.6.0\STM32CubeIDE\plugins\com.st.stm32cube.common.mx_6.13.0.202411220809\db\plugins\mcufinder\reactClient1\index.html
2025-03-13 16:47:29,583 [INFO] UserAuth:486 - Internet connection configuration mode: 1
2025-03-13 16:47:29,836 [WARN] PackLoader:240 - Cannot read IP mode file for STMicroelectronics.FP-SNS-MOTENVWB1.1.4.0
2025-03-13 16:47:29,847 [WARN] PackLoader:240 - Cannot read IP mode file for STMicroelectronics.FP-ATR-ASTRA1.2.0.2
2025-03-13 16:47:29,851 [WARN] PackLoader:240 - Cannot read IP mode file for STMicroelectronics.FP-ATR-ASTRA1.2.0.1
2025-03-13 16:47:29,863 [WARN] PackLoader:240 - Cannot read IP mode file for STMicroelectronics.X-CUBE-SMBUS.2.1.0
2025-03-13 16:47:29,872 [WARN] PackLoader:240 - Cannot read IP mode file for STMicroelectronics.X-CUBE-WB05N.1.1.0
2025-03-13 16:47:29,878 [WARN] PackLoader:240 - Cannot read IP mode file for STMicroelectronics.X-CUBE-TOUCHGFX.4.23.1
2025-03-13 16:47:29,883 [WARN] PackLoader:240 - Cannot read IP mode file for STMicroelectronics.X-CUBE-TOUCHGFX.4.23.0
2025-03-13 16:47:29,998 [WARN] PackLoader:240 - Cannot read IP mode file for STMicroelectronics.X-CUBE-TOUCHGFX.4.23.2
2025-03-13 16:47:30,027 [WARN] PackLoader:240 - Cannot read IP mode file for STMicroelectronics.X-CUBE-AZRTOS-F7.1.1.0
2025-03-13 16:47:30,033 [ERROR] RealEvaluatedCondition:428 - Found unsupported composite condition: CLASS='Data Exchange' GROUP='STM32_MetaDataManager'
2025-03-13 16:47:30,033 [ERROR] RealEvaluatedCondition:428 - Found unsupported composite condition: GROUP='STM32_MetaDataManager' CLASS='Data Exchange'
2025-03-13 16:47:30,035 [WARN] PackLoader:240 - Cannot read IP mode file for STMicroelectronics.FP-SNS-MOTENV1.4.3.0
2025-03-13 16:47:30,043 [WARN] PackLoader:240 - Cannot read IP mode file for STMicroelectronics.FP-SNS-MOTENV1.4.3.2
2025-03-13 16:47:30,050 [WARN] PackLoader:240 - Cannot read IP mode file for STMicroelectronics.FP-SNS-FLIGHT1.5.0.0
2025-03-13 16:47:30,056 [ERROR] RealEvaluatedCondition:428 - Found unsupported composite condition: CLASS='Data Exchange' GROUP='STM32_MetaDataManager'
2025-03-13 16:47:30,056 [ERROR] RealEvaluatedCondition:428 - Found unsupported composite condition: CLASS='Data Exchange' GROUP='STM32_MetaDataManager'
2025-03-13 16:47:30,058 [WARN] PackLoader:240 - Cannot read IP mode file for STMicroelectronics.FP-SNS-MOTENV1.4.3.1
2025-03-13 16:47:30,067 [WARN] PackLoader:240 - Cannot read IP mode file for STMicroelectronics.FP-SNS-FLIGHT1.5.0.1
2025-03-13 16:47:30,137 [WARN] PackLoader:240 - Cannot read IP mode file for STMicroelectronics.X-CUBE-MEMS1.11.0.0
2025-03-13 16:47:30,369 [WARN] PackLoader:240 - Cannot read IP mode file for STMicroelectronics.X-CUBE-BLE1.6.2.4
2025-03-13 16:47:30,374 [WARN] PackLoader:240 - Cannot read IP mode file for STMicroelectronics.FP-SNS-FLIGHT1.5.0.2
2025-03-13 16:47:30,384 [WARN] PackLoader:240 - Cannot read IP mode file for STMicroelectronics.X-CUBE-DISPLAY.3.0.0
2025-03-13 16:47:30,395 [WARN] PackLoader:240 - Cannot read IP mode file for STMicroelectronics.X-CUBE-BLE1.7.0.0
2025-03-13 16:47:30,408 [WARN] PackLoader:240 - Cannot read IP mode file for STMicroelectronics.X-CUBE-NFC10.1.0.0
2025-03-13 16:47:30,426 [WARN] PackLoader:240 - Cannot read IP mode file for STMicroelectronics.X-CUBE-BLEMGR.4.0.0
2025-03-13 16:47:30,438 [WARN] PackLoader:240 - Cannot read IP mode file for emotas.I-CUBE-CANOPEN.1.3.0
2025-03-13 16:47:30,442 [WARN] PackLoader:240 - Cannot read IP mode file for STMicroelectronics.X-CUBE-TOUCHGFX.4.22.0
2025-03-13 16:47:30,446 [WARN] PackLoader:240 - Cannot read IP mode file for STMicroelectronics.X-CUBE-TOUCHGFX.4.22.1
2025-03-13 16:47:30,457 [WARN] PackLoader:240 - Cannot read IP mode file for STMicroelectronics.X-CUBE-BLEMGR.3.1.0
2025-03-13 16:47:30,466 [WARN] PackLoader:240 - Cannot read IP mode file for STMicroelectronics.X-CUBE-AI.10.0.0
2025-03-13 16:47:30,474 [WARN] PackLoader:240 - Cannot read IP mode file for STMicroelectronics.FP-SNS-SMARTAG2.1.2.0
2025-03-13 16:47:30,478 [WARN] PackLoader:240 - Cannot read IP mode file for STMicroelectronics.FP-SNS-FLIGHT1.5.1.0
2025-03-13 16:47:30,518 [WARN] PackLoader:240 - Cannot read IP mode file for STMicroelectronics.X-CUBE-MEMS1.11.1.0
2025-03-13 16:47:30,677 [INFO] LogOutputStream:77 - [STDOUT_REDIRECT] 1 : Invalid condition id : UX_CORESTACK_Condition cause : null
2025-03-13 16:47:30,677 [INFO] LogOutputStream:77 - [STDOUT_REDIRECT] 1 : Invalid condition id : UX_CORESTACK_Condition cause : null
2025-03-13 16:47:30,678 [INFO] LogOutputStream:77 - [STDOUT_REDIRECT] 1 : Invalid condition id : UX_CORESTACK_Condition cause : null
2025-03-13 16:47:30,678 [INFO] LogOutputStream:77 - [STDOUT_REDIRECT] 1 : Invalid condition id : UX_CORESTACK_Condition cause : null
2025-03-13 16:47:30,679 [INFO] LogOutputStream:77 - [STDOUT_REDIRECT] 1 : Invalid condition id : UX_CORESTACK_Condition cause : null
2025-03-13 16:47:30,681 [WARN] PackLoader:240 - Cannot read IP mode file for STMicroelectronics.X-CUBE-AZRTOS-WL.2.0.0
2025-03-13 16:47:30,686 [WARN] PackLoader:240 - Cannot read IP mode file for STMicroelectronics.FP-SNS-MOTENV1.5.0.0
2025-03-13 16:47:30,692 [WARN] PackLoader:240 - Cannot read IP mode file for wolfSSL.I-CUBE-wolfMQTT.1.19.0
2025-03-13 16:47:30,701 [WARN] PackLoader:240 - Cannot read IP mode file for WES.I-CUBE-Cesium.1.3.0
2025-03-13 16:47:30,709 [WARN] PackLoader:240 - Cannot read IP mode file for STMicroelectronics.X-CUBE-BLE2.3.3.0
2025-03-13 16:47:30,715 [WARN] PackLoader:240 - Cannot read IP mode file for STMicroelectronics.X-CUBE-NFC9.1.0.0
2025-03-13 16:47:30,724 [WARN] PackLoader:240 - Cannot read IP mode file for STMicroelectronics.X-CUBE-BLE1.7.1.0
2025-03-13 16:47:30,730 [WARN] PackLoader:240 - Cannot read IP mode file for STMicroelectronics.X-CUBE-TCPP.4.1.0
2025-03-13 16:47:30,736 [WARN] PackLoader:240 - Cannot read IP mode file for STMicroelectronics.X-CUBE-TOUCHGFX.4.21.3
2025-03-13 16:47:30,739 [WARN] PackLoader:240 - Cannot read IP mode file for STMicroelectronics.X-CUBE-TOUCHGFX.4.21.4
2025-03-13 16:47:30,745 [WARN] PackLoader:240 - Cannot read IP mode file for STMicroelectronics.X-CUBE-ALGOBUILD.1.3.0
2025-03-13 16:47:30,760 [WARN] PackLoader:240 - Cannot read IP mode file for STMicroelectronics.X-CUBE-AZRTOS-G0.1.1.0
2025-03-13 16:47:30,773 [WARN] PackLoader:240 - Cannot read IP mode file for STMicroelectronics.X-CUBE-SAFEA1.1.2.2
2025-03-13 16:47:30,781 [WARN] PackLoader:240 - Cannot read IP mode file for STMicroelectronics.X-CUBE-NFC4.3.0.0
2025-03-13 16:47:30,786 [WARN] PackLoader:240 - Cannot read IP mode file for wolfSSL.I-CUBE-wolfMQTT.1.18.0
2025-03-13 16:47:30,799 [WARN] PackLoader:240 - Cannot read IP mode file for EmbeddedOffice.I-CUBE-FS-RTOS.1.0.1
2025-03-13 16:47:30,810 [WARN] PackLoader:240 - Cannot read IP mode file for STMicroelectronics.X-CUBE-BLEMGR.3.0.0
2025-03-13 16:47:30,819 [WARN] PackLoader:240 - Cannot read IP mode file for STMicroelectronics.X-CUBE-TCPP.4.2.0
2025-03-13 16:47:30,830 [WARN] PackLoader:240 - Cannot read IP mode file for RealThread.X-CUBE-RT-Thread_Nano.4.1.1
2025-03-13 16:47:30,836 [WARN] PackLoader:240 - Cannot read IP mode file for STMicroelectronics.FP-ATR-SIGFOX1.3.2.0
2025-03-13 16:47:30,842 [WARN] ConditionMgr:438 - getConditionDescription Invalid condition id : Cortex-A Device cause : null
2025-03-13 16:47:30,869 [WARN] ConditionMgr:1044 - genDependencies : Invalid condition id : Cortex-A Device cause : null
2025-03-13 16:47:30,869 [WARN] ConditionMgr:1044 - genDependencies : Invalid condition id : Cortex-A Device cause : null
2025-03-13 16:47:30,869 [WARN] ConditionMgr:1044 - genDependencies : Invalid condition id : Cortex-A Device cause : null
2025-03-13 16:47:30,885 [WARN] PackLoader:240 - Cannot read IP mode file for STMicroelectronics.X-CUBE-EEPRMA1.5.1.0
2025-03-13 16:47:30,928 [WARN] PackLoader:240 - Cannot read IP mode file for SEGGER.I-CUBE-embOS.1.3.1
2025-03-13 16:47:30,967 [WARN] PackLoader:240 - Cannot read IP mode file for STMicroelectronics.X-CUBE-ALGOBUILD.1.4.0
2025-03-13 16:47:30,971 [WARN] PackLoader:240 - Cannot read IP mode file for STMicroelectronics.X-CUBE-AI.9.1.0
2025-03-13 16:47:30,985 [WARN] PackLoader:240 - Cannot read IP mode file for STMicroelectronics.X-CUBE-GNSS1.6.0.0
2025-03-13 16:47:31,011 [WARN] PackLoader:240 - Cannot read IP mode file for STMicroelectronics.X-CUBE-AZRTOS-F4.1.1.0
2025-03-13 16:47:31,022 [WARN] PackLoader:240 - Cannot read IP mode file for wolfSSL.I-CUBE-wolfSSL.5.6.0
2025-03-13 16:47:31,029 [WARN] PackLoader:240 - Cannot read IP mode file for STMicroelectronics.X-CUBE-ISPU.2.1.0
2025-03-13 16:47:31,047 [WARN] PackLoader:240 - Cannot read IP mode file for STMicroelectronics.X-CUBE-FREERTOS.1.2.0
2025-03-13 16:47:31,053 [WARN] PackLoader:240 - Cannot read IP mode file for wolfSSL.I-CUBE-wolfSSL.5.6.6
2025-03-13 16:47:31,075 [WARN] PackLoader:240 - Cannot read IP mode file for STMicroelectronics.X-CUBE-AZRTOS-L5.2.0.0
2025-03-13 16:47:31,107 [WARN] PackLoader:240 - Cannot read IP mode file for STMicroelectronics.X-CUBE-MEMS1.9.6.0
2025-03-13 16:47:31,171 [WARN] PackLoader:240 - Cannot read IP mode file for STMicroelectronics.X-CUBE-EEPRMA1.4.2.0
2025-03-13 16:47:31,178 [WARN] PackLoader:240 - Cannot read IP mode file for STMicroelectronics.X-CUBE-NFC6.3.1.0
2025-03-13 16:47:31,191 [WARN] PackLoader:240 - Cannot read IP mode file for ITTIA_DB.I-CUBE-ITTIADB.8.8.0
2025-03-13 16:47:31,200 [WARN] PackLoader:240 - Cannot read IP mode file for emotas.I-CUBE-CANOPEN.1.1.3
2025-03-13 16:47:31,209 [WARN] PackLoader:240 - Cannot read IP mode file for STMicroelectronics.X-CUBE-BLEMGR.2.0.0
2025-03-13 16:47:31,215 [WARN] PackLoader:240 - Cannot read IP mode file for STMicroelectronics.X-CUBE-DPower.1.2.0
2025-03-13 16:47:31,221 [WARN] PackLoader:240 - Cannot read IP mode file for STMicroelectronics.X-CUBE-AI.9.0.0
2025-03-13 16:47:31,238 [WARN] ConditionMgr:438 - getConditionDescription Invalid condition id : UX DEVICE CLASS RTOS Condition cause : null
2025-03-13 16:47:31,238 [WARN] ConditionMgr:438 - getConditionDescription Invalid condition id : UX DEVICE CLASS RTOS Condition cause : null
2025-03-13 16:47:31,240 [WARN] PackLoader:240 - Cannot read IP mode file for STMicroelectronics.X-CUBE-AZRTOS-H7.3.1.0
2025-03-13 16:47:31,241 [WARN] ConditionMgr:1044 - genDependencies : Invalid condition id : UX DEVICE CLASS RTOS Condition cause : null
2025-03-13 16:47:31,241 [WARN] ConditionMgr:1044 - genDependencies : Invalid condition id : UX DEVICE CLASS RTOS Condition cause : null
2025-03-13 16:47:31,241 [WARN] ConditionMgr:1044 - genDependencies : Invalid condition id : UX DEVICE CLASS RTOS Condition cause : null
2025-03-13 16:47:31,241 [WARN] ConditionMgr:1044 - genDependencies : Invalid condition id : UX DEVICE CLASS RTOS Condition cause : null
2025-03-13 16:47:31,241 [WARN] ConditionMgr:1044 - genDependencies : Invalid condition id : UX DEVICE CLASS RTOS Condition cause : null
2025-03-13 16:47:31,247 [WARN] PackLoader:240 - Cannot read IP mode file for STMicroelectronics.X-CUBE-FREERTOS.1.3.0
2025-03-13 16:47:31,252 [WARN] PackLoader:240 - Cannot read IP mode file for STMicroelectronics.X-CUBE-NFC7.1.0.1
2025-03-13 16:47:31,257 [WARN] PackLoader:240 - Cannot read IP mode file for STMicroelectronics.X-CUBE-NFC7.1.0.0
2025-03-13 16:47:31,261 [WARN] PackLoader:240 - Cannot read IP mode file for wolfSSL.I-CUBE-wolfTPM.3.2.0
2025-03-13 16:47:31,266 [WARN] PackLoader:240 - Cannot read IP mode file for STMicroelectronics.X-CUBE-NFC6.3.0.0
2025-03-13 16:47:31,271 [WARN] PackLoader:240 - Cannot read IP mode file for STMicroelectronics.X-CUBE-EEPRMA1.4.1.0
2025-03-13 16:47:31,274 [WARN] PackLoader:240 - Cannot read IP mode file for STMicroelectronics.X-CUBE-AI.8.1.0
2025-03-13 16:47:31,284 [WARN] ConditionMgr:438 - getConditionDescription Invalid condition id : LAN8742 Phy interface Condition cause : null
2025-03-13 16:47:31,285 [WARN] PackLoader:240 - Cannot read IP mode file for STMicroelectronics.X-CUBE-AZRTOS-L4.2.0.0
2025-03-13 16:47:31,285 [WARN] ConditionMgr:1044 - genDependencies : Invalid condition id : LAN8742 Phy interface Condition cause : null
2025-03-13 16:47:31,285 [WARN] ConditionMgr:1044 - genDependencies : Invalid condition id : LAN8742 Phy interface Condition cause : null
2025-03-13 16:47:31,286 [WARN] ConditionMgr:1044 - genDependencies : Invalid condition id : LAN8742 Phy interface Condition cause : null
2025-03-13 16:47:31,290 [WARN] PackLoader:240 - Cannot read IP mode file for STMicroelectronics.X-CUBE-SFXS2LP1.4.0.0
2025-03-13 16:47:31,293 [WARN] PackLoader:240 - Cannot read IP mode file for STMicroelectronics.X-CUBE-ISPU.1.1.0
2025-03-13 16:47:31,307 [WARN] PackLoader:240 - Cannot read IP mode file for STMicroelectronics.X-CUBE-AZRTOS-H7.3.3.0
2025-03-13 16:47:31,314 [WARN] PackLoader:240 - Cannot read IP mode file for STMicroelectronics.X-CUBE-AI.8.0.0
2025-03-13 16:47:31,326 [WARN] PackLoader:240 - Cannot read IP mode file for STMicroelectronics.X-CUBE-IPS.3.0.0
2025-03-13 16:47:31,343 [WARN] ConditionMgr:438 - getConditionDescription Invalid condition id : UX DEVICE CLASS RTOS Condition cause : null
2025-03-13 16:47:31,343 [WARN] ConditionMgr:438 - getConditionDescription Invalid condition id : UX DEVICE CLASS RTOS Condition cause : null
2025-03-13 16:47:31,344 [WARN] PackLoader:240 - Cannot read IP mode file for STMicroelectronics.X-CUBE-AZRTOS-WB.2.0.0
2025-03-13 16:47:31,345 [WARN] ConditionMgr:1044 - genDependencies : Invalid condition id : UX DEVICE CLASS RTOS Condition cause : null
2025-03-13 16:47:31,345 [WARN] ConditionMgr:1044 - genDependencies : Invalid condition id : UX DEVICE CLASS RTOS Condition cause : null
2025-03-13 16:47:31,345 [WARN] ConditionMgr:1044 - genDependencies : Invalid condition id : UX DEVICE CLASS RTOS Condition cause : null
2025-03-13 16:47:31,345 [WARN] ConditionMgr:1044 - genDependencies : Invalid condition id : UX DEVICE CLASS RTOS Condition cause : null
2025-03-13 16:47:31,345 [WARN] ConditionMgr:1044 - genDependencies : Invalid condition id : UX DEVICE CLASS RTOS Condition cause : null
2025-03-13 16:47:31,350 [WARN] PackLoader:240 - Cannot read IP mode file for STMicroelectronics.X-CUBE-FREERTOS.1.0.1
2025-03-13 16:47:31,357 [WARN] PackLoader:240 - Cannot read IP mode file for STMicroelectronics.X-CUBE-GNSS1.7.0.0
2025-03-13 16:47:31,365 [WARN] PackLoader:240 - Cannot read IP mode file for STMicroelectronics.X-CUBE-GNSS1.7.0.1
2025-03-13 16:47:31,371 [WARN] PackLoader:240 - Cannot read IP mode file for STMicroelectronics.X-CUBE-TOUCHGFX.4.25.0
2025-03-13 16:47:31,377 [WARN] PackLoader:240 - Cannot read IP mode file for STMicroelectronics.FP-SNS-STBOX1.2.0.0
2025-03-13 16:47:31,389 [WARN] PackLoader:240 - Cannot read IP mode file for STMicroelectronics.X-CUBE-AZRTOS-L5.1.1.0
2025-03-13 16:47:31,394 [WARN] PackLoader:240 - Cannot read IP mode file for STMicroelectronics.X-CUBE-AI.8.0.1
2025-03-13 16:47:31,407 [WARN] PackLoader:240 - Cannot read IP mode file for STMicroelectronics.X-CUBE-SUBG2.5.0.0
2025-03-13 16:47:31,416 [WARN] PackLoader:240 - Cannot read IP mode file for Cesanta.I-CUBE-Mongoose.7.13.0
2025-03-13 16:47:31,425 [WARN] PackLoader:240 - Cannot read IP mode file for STMicroelectronics.X-CUBE-TOF1.3.3.1
2025-03-13 16:47:31,440 [WARN] PackLoader:240 - Cannot read IP mode file for STMicroelectronics.X-CUBE-AZRTOS-G4.2.0.0
2025-03-13 16:47:31,449 [WARN] PackLoader:240 - Cannot read IP mode file for STMicroelectronics.X-CUBE-TOF1.3.3.0
2025-03-13 16:47:31,467 [WARN] PackLoader:240 - Cannot read IP mode file for Infineon.AIROC-Wi-Fi-Bluetooth-STM32.1.5.1
2025-03-13 16:47:31,472 [WARN] PackLoader:240 - Cannot read IP mode file for STMicroelectronics.FP-SNS-MOTENVWB1.1.3.0
2025-03-13 16:47:31,478 [WARN] PackLoader:240 - Cannot read IP mode file for STMicroelectronics.FP-SNS-MOTENVWB1.1.3.1
2025-03-13 16:47:31,489 [WARN] PackLoader:240 - Cannot read IP mode file for STMicroelectronics.X-CUBE-AZRTOS-L4.1.0.0
2025-03-13 16:47:31,494 [WARN] PackLoader:240 - Cannot read IP mode file for STMicroelectronics.X-CUBE-ISPU.2.0.0
2025-03-13 16:47:31,506 [WARN] PackLoader:240 - Cannot read IP mode file for STMicroelectronics.X-CUBE-IPS.3.1.0
2025-03-13 16:47:31,516 [WARN] PackLoader:240 - Cannot read IP mode file for STMicroelectronics.X-CUBE-ALS.1.0.2
2025-03-13 16:47:31,541 [WARN] PackLoader:240 - Cannot read IP mode file for STMicroelectronics.X-CUBE-MEMS1.10.0.0
2025-03-13 16:47:31,603 [WARN] PackLoader:240 - Cannot read IP mode file for STMicroelectronics.X-CUBE-FREERTOS.1.1.0
2025-03-13 16:47:31,610 [WARN] PackLoader:240 - Cannot read IP mode file for STMicroelectronics.X-CUBE-TOUCHGFX.4.24.0
2025-03-13 16:47:31,656 [WARN] PackLoader:240 - Cannot read IP mode file for STMicroelectronics.X-CUBE-TOUCHGFX.4.24.2
2025-03-13 16:47:31,665 [WARN] PackLoader:240 - Cannot read IP mode file for STMicroelectronics.X-CUBE-AZRTOS-WL.1.0.0
2025-03-13 16:47:31,677 [WARN] PackLoader:240 - Cannot read IP mode file for STMicroelectronics.X-CUBE-TOUCHGFX.4.24.1
2025-03-13 16:47:31,752 [WARN] PackLoader:240 - Cannot read IP mode file for portGmbH.I-Cube-SoM-uGOAL.1.1.0
2025-03-13 16:47:31,759 [WARN] PackLoader:240 - Cannot read IP mode file for STMicroelectronics.X-CUBE-ALS.1.0.1
2025-03-13 16:47:31,772 [WARN] PackLoader:240 - Cannot read IP mode file for STMicroelectronics.X-CUBE-AZRTOS-WB.1.1.0
2025-03-13 16:47:31,792 [WARN] PackLoader:240 - Cannot read IP mode file for STMicroelectronics.X-CUBE-AZRTOS-H7RS.1.0.0
2025-03-13 16:47:31,799 [WARN] PackLoader:240 - Cannot read IP mode file for STMicroelectronics.FP-ATR-ASTRA1.2.0.0
2025-03-13 16:47:31,809 [WARN] PackLoader:240 - Cannot read IP mode file for STMicroelectronics.X-CUBE-TOF1.3.4.2
2025-03-13 16:47:31,824 [WARN] PackLoader:240 - Cannot read IP mode file for STMicroelectronics.X-CUBE-TOF1.3.4.0
2025-03-13 16:47:31,842 [WARN] PackLoader:240 - Cannot read IP mode file for STMicroelectronics.X-CUBE-TOF1.3.4.1
2025-03-13 16:47:31,860 [WARN] PackLoader:240 - Cannot read IP mode file for STMicroelectronics.X-CUBE-AZRTOS-H7.3.2.0
2025-03-13 16:47:31,865 [WARN] PackLoader:240 - Cannot read IP mode file for wolfSSL.I-CUBE-wolfSSH.1.4.17
2025-03-13 16:47:31,866 [INFO] ThirdParty:978 - Integrity check success = true
2025-03-13 16:47:31,867 [INFO] IntegrityCheckThread:100 - exiting critical section [integrity check]
2025-03-13 16:47:31,867 [INFO] IntegrityCheckThread:103 - End integrity checks thread
2025-03-13 16:48:59,229 [ERROR] LogOutputStream:75 - [STDERR_REDIRECT] 
